<?xml version="1.0" encoding="UTF-8"?>
<testng-results skipped="0" failed="0" total="1" passed="1">
  <reporter-output>
  </reporter-output>
  <suite name=" Test suite" duration-ms="30281" started-at="2019-12-10T17:12:18Z" finished-at="2019-12-10T17:12:49Z">
    <groups>
      <group name="cucumber">
        <method signature="TestRunner.feature(cucumber.api.testng.CucumberFeatureWrapper)[pri:0, instance:runner.TestRunner@3551a94]" name="feature" class="runner.TestRunner"/>
      </group> <!-- cucumber -->
    </groups>
    <test name="Post Comment feature" duration-ms="30281" started-at="2019-12-10T17:12:18Z" finished-at="2019-12-10T17:12:49Z">
      <class name="runner.TestRunner">
        <test-method status="PASS" signature="setUpClass()[pri:0, instance:runner.TestRunner@3551a94]" name="setUpClass" is-config="true" duration-ms="253" started-at="2019-12-10T22:42:18Z" finished-at="2019-12-10T22:42:19Z">
          <reporter-output>
          </reporter-output>
        </test-method> <!-- setUpClass -->
        <test-method status="PASS" signature="feature(cucumber.api.testng.CucumberFeatureWrapper)[pri:0, instance:runner.TestRunner@3551a94]" name="feature" duration-ms="29079" started-at="2019-12-10T22:42:19Z" description="Runs Cucumber Feature" data-provider="features" finished-at="2019-12-10T22:42:48Z">
          <params>
            <param index="0">
              <value>
                <![CDATA[To test the Post and Comments functionality of the UI application]]>
              </value>
            </param>
          </params>
          <reporter-output>
          </reporter-output>
        </test-method> <!-- feature -->
        <test-method status="PASS" signature="tearDownClass()[pri:0, instance:runner.TestRunner@3551a94]" name="tearDownClass" is-config="true" duration-ms="848" started-at="2019-12-10T22:42:48Z" finished-at="2019-12-10T22:42:49Z">
          <reporter-output>
          </reporter-output>
        </test-method> <!-- tearDownClass -->
      </class> <!-- runner.TestRunner -->
    </test> <!-- Post Comment feature -->
  </suite> <!--  Test suite -->
</testng-results>
